生成启动时间为 2016/12/23 13:46:31。
     1>项目“E:\BCB\sign\Protect\Protect\Protect.vcxproj”在节点 2 上(rebuild 个目标)。
     1>_PrepareForClean:
         正在删除文件“Debug\Protect.lastbuildstate”。
       InitializeBuildStatus:
         正在创建“Debug\Protect.unsuccessfulbuild”，因为已指定“AlwaysCreate”。
       ClCompile:
         C:\Program Files (x86)\Microsoft Visual Studio 10.0\VC\bin\CL.exe /c /ZI /nologo /W3 /WX- /Od /Oy- /D WIN32 /D _DEBUG /D _WINDOWS /D _USRDLL /D PROTECT_EXPORTS /D _WINDLL /D _MBCS /Gm /EHsc /RTC1 /MTd /GS /fp:precise /Zc:wchar_t /Zc:forScope /Fo"Debug\\" /Fd"Debug\vc100.pdb" /Gd /TP /analyze- /errorReport:prompt dllmain.cpp
         dllmain.cpp
     1>e:\bcb\sign\protect\protect\dllmain.cpp(63): warning C4996: 'stricmp': The POSIX name for this item is deprecated. Instead, use the ISO C++ conformant name: _stricmp. See online help for details.
                 c:\program files (x86)\microsoft visual studio 10.0\vc\include\string.h(246) : 参见“stricmp”的声明
     1>e:\bcb\sign\protect\protect\dllmain.cpp(96): warning C4996: 'stricmp': The POSIX name for this item is deprecated. Instead, use the ISO C++ conformant name: _stricmp. See online help for details.
                 c:\program files (x86)\microsoft visual studio 10.0\vc\include\string.h(246) : 参见“stricmp”的声明
       ManifestResourceCompile:
         C:\Program Files (x86)\Microsoft SDKs\Windows\v7.0A\bin\rc.exe /nologo /fo"Debug\Protect.dll.embed.manifest.res" Debug\Protect_manifest.rc 
       Link:
         C:\Program Files (x86)\Microsoft Visual Studio 10.0\VC\bin\link.exe /ERRORREPORT:PROMPT /OUT:"E:\BCB\sign\Protect\Debug\Protect.dll" /INCREMENTAL /NOLOGO kernel32.lib user32.lib gdi32.lib winspool.lib comdlg32.lib advapi32.lib shell32.lib ole32.lib oleaut32.lib uuid.lib odbc32.lib odbccp32.lib /DEF:"dll.def" /MANIFEST /ManifestFile:"Debug\Protect.dll.intermediate.manifest" /MANIFESTUAC:"level='asInvoker' uiAccess='false'" /DEBUG /PDB:"E:\BCB\sign\Protect\Debug\Protect.pdb" /SUBSYSTEM:WINDOWS /TLBID:1 /DYNAMICBASE /NXCOMPAT /IMPLIB:"E:\BCB\sign\Protect\Debug\Protect.lib" /MACHINE:X86 /DLL Debug\Protect.dll.embed.manifest.res
         Debug\dllmain.obj
            正在创建库 E:\BCB\sign\Protect\Debug\Protect.lib 和对象 E:\BCB\sign\Protect\Debug\Protect.exp
       Manifest:
         正在删除文件“Debug\Protect.dll.embed.manifest”。
         C:\Program Files (x86)\Microsoft SDKs\Windows\v7.0A\bin\mt.exe /nologo /verbose /out:"Debug\Protect.dll.embed.manifest" /manifest Debug\Protect.dll.intermediate.manifest
         C:\Program Files (x86)\Microsoft SDKs\Windows\v7.0A\bin\rc.exe /nologo /fo"Debug\Protect.dll.embed.manifest.res" Debug\Protect_manifest.rc 
       LinkEmbedManifest:
         C:\Program Files (x86)\Microsoft Visual Studio 10.0\VC\bin\link.exe /ERRORREPORT:PROMPT /OUT:"E:\BCB\sign\Protect\Debug\Protect.dll" /INCREMENTAL /NOLOGO kernel32.lib user32.lib gdi32.lib winspool.lib comdlg32.lib advapi32.lib shell32.lib ole32.lib oleaut32.lib uuid.lib odbc32.lib odbccp32.lib /DEF:"dll.def" /MANIFEST /ManifestFile:"Debug\Protect.dll.intermediate.manifest" /MANIFESTUAC:"level='asInvoker' uiAccess='false'" /DEBUG /PDB:"E:\BCB\sign\Protect\Debug\Protect.pdb" /SUBSYSTEM:WINDOWS /TLBID:1 /DYNAMICBASE /NXCOMPAT /IMPLIB:"E:\BCB\sign\Protect\Debug\Protect.lib" /MACHINE:X86 /DLL Debug\Protect.dll.embed.manifest.res
         Debug\dllmain.obj
            正在创建库 E:\BCB\sign\Protect\Debug\Protect.lib 和对象 E:\BCB\sign\Protect\Debug\Protect.exp
         Protect.vcxproj -> E:\BCB\sign\Protect\Debug\Protect.dll
       PostBuildEvent:
         xcopy /y E:\BCB\sign\Protect\Debug\Protect.dll E:\BCB\sign\calc\Debug
         :VCEnd
         E:\BCB\sign\Protect\Debug\Protect.dll
         复制了 1 个文件
       FinalizeBuildStatus:
         正在删除文件“Debug\Protect.unsuccessfulbuild”。
         正在对“Debug\Protect.lastbuildstate”执行 Touch 任务。
     1>已完成生成项目“E:\BCB\sign\Protect\Protect\Protect.vcxproj”(rebuild 个目标)的操作。

生成成功。

已用时间 00:00:05.44
