E:\BCB\SIGN\PROTECT\DEBUG\PROTECT.DLL
E:\BCB\sign\Protect\Debug\Protect.exp
E:\BCB\SIGN\PROTECT\DEBUG\PROTECT.ILK
E:\BCB\sign\Protect\Debug\Protect.lib
E:\BCB\SIGN\PROTECT\DEBUG\PROTECT.PDB
E:\BCB\sign\Protect\Protect\Debug\cl.command.1.tlog
E:\BCB\sign\Protect\Protect\Debug\CL.read.1.tlog
E:\BCB\sign\Protect\Protect\Debug\CL.write.1.tlog
E:\BCB\SIGN\PROTECT\PROTECT\DEBUG\DLLMAIN.OBJ
E:\BCB\sign\Protect\Protect\Debug\link.3492.read.1.tlog
E:\BCB\sign\Protect\Protect\Debug\link.3492.write.1.tlog
E:\BCB\sign\Protect\Protect\Debug\link.3492-cvtres.read.1.tlog
E:\BCB\sign\Protect\Protect\Debug\link.3492-cvtres.write.1.tlog
E:\BCB\sign\Protect\Protect\Debug\link.command.1.tlog
E:\BCB\sign\Protect\Protect\Debug\link.read.1.tlog
E:\BCB\sign\Protect\Protect\Debug\link.write.1.tlog
E:\BCB\sign\Protect\Protect\Debug\link-cvtres.read.1.tlog
E:\BCB\sign\Protect\Protect\Debug\link-cvtres.write.1.tlog
E:\BCB\sign\Protect\Protect\Debug\mt.command.1.tlog
E:\BCB\sign\Protect\Protect\Debug\mt.read.1.tlog
E:\BCB\sign\Protect\Protect\Debug\mt.write.1.tlog
E:\BCB\SIGN\PROTECT\PROTECT\DEBUG\PROTECT.DLL.EMBED.MANIFEST
E:\BCB\SIGN\PROTECT\PROTECT\DEBUG\PROTECT.DLL.EMBED.MANIFEST.RES
E:\BCB\SIGN\PROTECT\PROTECT\DEBUG\PROTECT.DLL.INTERMEDIATE.MANIFEST
E:\BCB\sign\Protect\Protect\Debug\Protect.vcxprojResolveAssemblyReference.cache
E:\BCB\sign\Protect\Protect\Debug\Protect.write.1.tlog
E:\BCB\sign\Protect\Protect\Debug\Protect_manifest.rc
E:\BCB\sign\Protect\Protect\Debug\rc.command.1.tlog
E:\BCB\sign\Protect\Protect\Debug\rc.read.1.tlog
E:\BCB\sign\Protect\Protect\Debug\rc.write.1.tlog
E:\BCB\sign\Protect\Protect\Debug\vc100.idb
E:\BCB\SIGN\PROTECT\PROTECT\DEBUG\VC100.PDB
